<?xml version="1.0" encoding="UTF-8"?>
<robot generator="Robot 5.0.1 (Python 3.10.7 on win32)" generated="20221001 02:29:44.769" rpa="false" schemaversion="3">
<suite id="s1" name="Webautomation" source="C:\Users\Victor\Desktop\PHA22\tests\features\webautomation.robot">
<kw name="Abrir o meu navegador" library="hooks" type="SETUP">
<kw name="Open Browser" library="SeleniumLibrary">
<arg>${URL}</arg>
<arg>${BROWSER}</arg>
<doc>Opens a new browser instance to the optional ``url``.</doc>
<msg timestamp="20221001 02:29:45.011" level="INFO">Opening browser 'chrome' to base url 'https://learningprime.com.br/'.</msg>
<status status="PASS" starttime="20221001 02:29:45.011" endtime="20221001 02:29:49.057"/>
</kw>
<kw name="Maximize Browser Window" library="SeleniumLibrary">
<doc>Maximizes current browser window.</doc>
<status status="PASS" starttime="20221001 02:29:49.057" endtime="20221001 02:29:49.167"/>
</kw>
<status status="PASS" starttime="20221001 02:29:45.011" endtime="20221001 02:29:49.167"/>
</kw>
<test id="s1-t1" name="Cenario: Validando cadastro com sucesso no learningprime" line="25">
<kw name="Dado que eu esteja na tela de cadastro" library="kws_cadastro">
<kw name="Wait Until Element Is Visible" library="SeleniumLibrary">
<arg>${CADASTRO.BTN_ENTRAR}</arg>
<doc>Waits until the element ``locator`` is visible.</doc>
<status status="PASS" starttime="20221001 02:29:49.168" endtime="20221001 02:29:49.190"/>
</kw>
<kw name="Click Element" library="SeleniumLibrary">
<arg>${CADASTRO.BTN_ENTRAR}</arg>
<doc>Click the element identified by ``locator``.</doc>
<msg timestamp="20221001 02:29:49.191" level="INFO">Clicking element '//a[@href='/login']'.</msg>
<status status="PASS" starttime="20221001 02:29:49.190" endtime="20221001 02:29:49.617"/>
</kw>
<kw name="Wait Until Element Is Visible" library="SeleniumLibrary">
<arg>${CADASTRO.BTN_CRIAR}</arg>
<doc>Waits until the element ``locator`` is visible.</doc>
<status status="PASS" starttime="20221001 02:29:49.617" endtime="20221001 02:29:49.637"/>
</kw>
<kw name="Click Element" library="SeleniumLibrary">
<arg>${CADASTRO.BTN_CRIAR}</arg>
<doc>Click the element identified by ``locator``.</doc>
<msg timestamp="20221001 02:29:49.638" level="INFO">Clicking element '//a[@href='/signup']'.</msg>
<status status="PASS" starttime="20221001 02:29:49.637" endtime="20221001 02:29:50.068"/>
</kw>
<kw name="Wait Until Page Contains" library="SeleniumLibrary">
<arg>Novo Cliente</arg>
<doc>Waits until ``text`` appears on the current page.</doc>
<status status="PASS" starttime="20221001 02:29:50.068" endtime="20221001 02:29:50.075"/>
</kw>
<status status="PASS" starttime="20221001 02:29:49.168" endtime="20221001 02:29:50.075"/>
</kw>
<kw name="E informe todos os dados necessários" library="kws_cadastro">
<kw name="FakerLibrary.EMAIL_FAKER">
<var>${EMAIL_FAKER}</var>
<msg timestamp="20221001 02:29:50.080" level="FAIL">No keyword with name 'FakerLibrary.EMAIL_FAKER' found.</msg>
<status status="FAIL" starttime="20221001 02:29:50.080" endtime="20221001 02:29:50.080"/>
</kw>
<kw name="FakerLibrary.Password">
<var>${PW_FAKER}</var>
<status status="NOT RUN" starttime="20221001 02:29:50.083" endtime="20221001 02:29:50.083"/>
</kw>
<kw name="Input Text" library="SeleniumLibrary">
<arg>${CADASTRO.INPUT_EMAIL}</arg>
<arg>${EMAIL_FAKER}</arg>
<doc>Types the given ``text`` into the text field identified by ``locator``.</doc>
<status status="NOT RUN" starttime="20221001 02:29:50.083" endtime="20221001 02:29:50.083"/>
</kw>
<kw name="Input Password" library="SeleniumLibrary">
<arg>${CADASTRO.INPUT_SENHA}</arg>
<arg>${PW_FAKER}</arg>
<doc>Types the given password into the text field identified by ``locator``.</doc>
<status status="NOT RUN" starttime="20221001 02:29:50.083" endtime="20221001 02:29:50.083"/>
</kw>
<kw name="Input Password" library="SeleniumLibrary">
<arg>${CADASTRO.INPUT_SENHA_CONFIRMA}</arg>
<arg>${PW_FAKER}</arg>
<doc>Types the given password into the text field identified by ``locator``.</doc>
<status status="NOT RUN" starttime="20221001 02:29:50.083" endtime="20221001 02:29:50.083"/>
</kw>
<status status="FAIL" starttime="20221001 02:29:50.076" endtime="20221001 02:29:50.084"/>
</kw>
<kw name="Quando finalizar o cadastro" library="kws_cadastro">
<status status="NOT RUN" starttime="20221001 02:29:50.084" endtime="20221001 02:29:50.084"/>
</kw>
<kw name="Então devo ser direcionado para a tela Home do site" library="kws_cadastro">
<status status="NOT RUN" starttime="20221001 02:29:50.084" endtime="20221001 02:29:50.084"/>
</kw>
<kw name="E a seguinte mensagem deve ser apresentada." library="kws_cadastro">
<status status="NOT RUN" starttime="20221001 02:29:50.085" endtime="20221001 02:29:50.085"/>
</kw>
<tag>SIGNUP</tag>
<status status="FAIL" starttime="20221001 02:29:49.167" endtime="20221001 02:29:50.085">No keyword with name 'FakerLibrary.EMAIL_FAKER' found.</status>
</test>
<kw name="Fechar navegador" library="hooks" type="TEARDOWN">
<kw name="Capture Page Screenshot" library="SeleniumLibrary">
<doc>Takes a screenshot of the current page and embeds it into a log file.</doc>
<msg timestamp="20221001 02:29:50.179" level="INFO" html="true">&lt;/td&gt;&lt;/tr&gt;&lt;tr&gt;&lt;td colspan="3"&gt;&lt;a href="selenium-screenshot-7.png"&gt;&lt;img src="selenium-screenshot-7.png" width="800px"&gt;&lt;/a&gt;</msg>
<status status="PASS" starttime="20221001 02:29:50.086" endtime="20221001 02:29:50.179"/>
</kw>
<kw name="Close Browser" library="SeleniumLibrary">
<doc>Closes the current browser.</doc>
<status status="PASS" starttime="20221001 02:29:50.179" endtime="20221001 02:29:52.269"/>
</kw>
<status status="PASS" starttime="20221001 02:29:50.086" endtime="20221001 02:29:52.270"/>
</kw>
<doc>Aqui neste arquivo estarão presentes todos os tipos de
variáveis que iremos estudar ao longo do treinamento.</doc>
<status status="FAIL" starttime="20221001 02:29:44.770" endtime="20221001 02:29:52.270"/>
</suite>
<statistics>
<total>
<stat pass="0" fail="1" skip="0">All Tests</stat>
</total>
<tag>
<stat pass="0" fail="1" skip="0">SIGNUP</stat>
</tag>
<suite>
<stat pass="0" fail="1" skip="0" id="s1" name="Webautomation">Webautomation</stat>
</suite>
</statistics>
<errors>
<msg timestamp="20221001 02:29:45.000" level="ERROR">Error in file 'C:\Users\Victor\Desktop\PHA22\src\config\package.robot' on line 8: Importing library 'Fakerlibrary' failed: ModuleNotFoundError: No module named 'Fakerlibrary'
Traceback (most recent call last):
  None
PYTHONPATH:
  C:\Users\Victor\AppData\Local\Programs\Python\Python310\Scripts\robot.exe
  C:\Users\Victor\AppData\Local\Programs\Python\Python310\python310.zip
  C:\Users\Victor\AppData\Local\Programs\Python\Python310\DLLs
  C:\Users\Victor\AppData\Local\Programs\Python\Python310\lib
  C:\Users\Victor\AppData\Local\Programs\Python\Python310
  C:\Users\Victor\AppData\Local\Programs\Python\Python310\lib\site-packages</msg>
</errors>
</robot>
